<?xml version="1.0" encoding="UTF-8"?>
<!-- Generated by org.testng.reporters.JUnitReportReporter -->
<testsuite hostname="DESKTOP-7G594OM" failures="0" tests="1" name="functionalTests.TruckTests" time="11.592" errors="0" timestamp="2023-10-24T01:30:11 PDT" skipped="0">
  <testcase classname="functionalTests.TruckTests" name="verify_EnginePerformance_BoundaryValues" time="11.592"/>
</testsuite> <!-- functionalTests.TruckTests -->
